#
# There is insufficient memory for the Java Runtime Environment to continue.
# Native memory allocation (malloc) failed to allocate 35296 bytes for Chunk::new
# Possible reasons:
#   The system is out of physical RAM or swap space
#   The process is running with CompressedOops enabled, and the Java Heap may be blocking the growth of the native heap
# Possible solutions:
#   Reduce memory load on the system
#   Increase physical memory or swap space
#   Check if swap backing store is full
#   Decrease Java heap size (-Xmx/-Xms)
#   Decrease number of Java threads
#   Decrease Java thread stack sizes (-Xss)
#   Set larger code cache with -XX:ReservedCodeCacheSize=
#   JVM is running with Unscaled Compressed Oops mode in which the Java heap is
#     placed in the first 4GB address space. The Java Heap base address is the
#     maximum limit for the native heap growth. Please use -XX:HeapBaseMinAddress
#     to set the Java Heap base and to place the Java Heap above 4GB virtual address.
# This output file may be truncated or incomplete.
#
#  Out of Memory Error (t:/workspace/open/src/hotspot/share/memory/arena.cpp:197), pid=13384, tid=16380
#
# JRE version: Java(TM) SE Runtime Environment (11.0.4+10) (build 11.0.4+10-LTS)
# Java VM: Java HotSpot(TM) 64-Bit Server VM (11.0.4+10-LTS, mixed mode, tiered, compressed oops, g1 gc, windows-amd64)
# No core dump will be written. Minidumps are not enabled by default on client versions of Windows
#

---------------  S U M M A R Y ------------

Command Line: -Dmaven.multiModuleProjectDirectory=D:\Private\WSB\II_sem\Java\java-app\java-app -Dmaven.home=D:\Private\ideaIC-2020.3.win\plugins\maven\lib\maven3 -Dclassworlds.conf=D:\Private\ideaIC-2020.3.win\plugins\maven\lib\maven3\bin\m2.conf -Dmaven.ext.class.path=D:\Private\ideaIC-2020.3.win\plugins\maven\lib\maven-event-listener.jar -javaagent:D:\Private\ideaIC-2020.3.win\lib\idea_rt.jar=51263:D:\Private\ideaIC-2020.3.win\bin -Dfile.encoding=UTF-8 org.codehaus.classworlds.Launcher -Didea.version=2020.3 org.springframework.boot:spring-boot-maven-plugin:2.4.2:run

Host: Intel(R) Core(TM) i5-7300U CPU @ 2.60GHz, 4 cores, 7G,  Windows 10 , 64 bit Build 19041 (10.0.19041.546)
Time: Thu Jan 21 19:25:07 2021 Œrodkowoeuropejski czas stand. elapsed time: 1 seconds (0d 0h 0m 1s)

---------------  T H R E A D  ---------------

Current thread (0x000001dd87663000):  JavaThread "C2 CompilerThread0" daemon [_thread_in_native, id=16380, stack(0x000000c01b900000,0x000000c01ba00000)]


Current CompileTask:
C2:   1359  516       4       java.lang.StringCoding::hasNegatives (25 bytes)

Stack: [0x000000c01b900000,0x000000c01ba00000]
Native frames: (J=compiled Java code, j=interpreted, Vv=VM code, C=native code)
V  [jvm.dll+0x635bda]
V  [jvm.dll+0x77360f]
V  [jvm.dll+0x774cba]
V  [jvm.dll+0x775373]
V  [jvm.dll+0x25e668]
V  [jvm.dll+0xc2391]
V  [jvm.dll+0xc291c]
V  [jvm.dll+0x2cf4d4]
V  [jvm.dll+0x5524af]
V  [jvm.dll+0x21a59f]
V  [jvm.dll+0x2174d6]
V  [jvm.dll+0x194230]
V  [jvm.dll+0x2265bf]
V  [jvm.dll+0x224bc8]
V  [jvm.dll+0x7389ed]
V  [jvm.dll+0x634c82]
C  [ucrtbase.dll+0x214c2]
C  [KERNEL32.DLL+0x17034]
C  [ntdll.dll+0x4cec1]


---------------  P R O C E S S  ---------------

Threads class SMR info:
_java_thread_list=0x000001dd882e6aa0, length=11, elements={
0x000001dde8ac6000, 0x000001dd87645000, 0x000001dd87646000, 0x000001dd87fe3000,
0x000001dd87661000, 0x000001dd87663000, 0x000001dd87666000, 0x000001dd87676000,
0x000001dd8812f000, 0x000001dd88284800, 0x000001dd88285800
}

Java Threads: ( => current thread )
  0x000001dde8ac6000 JavaThread "main" [_thread_in_Java, id=1612, stack(0x000000c01ae00000,0x000000c01af00000)]
  0x000001dd87645000 JavaThread "Reference Handler" daemon [_thread_blocked, id=4592, stack(0x000000c01b500000,0x000000c01b600000)]
  0x000001dd87646000 JavaThread "Finalizer" daemon [_thread_blocked, id=6140, stack(0x000000c01b600000,0x000000c01b700000)]
  0x000001dd87fe3000 JavaThread "Signal Dispatcher" daemon [_thread_blocked, id=1840, stack(0x000000c01b700000,0x000000c01b800000)]
  0x000001dd87661000 JavaThread "Attach Listener" daemon [_thread_blocked, id=5364, stack(0x000000c01b800000,0x000000c01b900000)]
=>0x000001dd87663000 JavaThread "C2 CompilerThread0" daemon [_thread_in_native, id=16380, stack(0x000000c01b900000,0x000000c01ba00000)]
  0x000001dd87666000 JavaThread "C1 CompilerThread0" daemon [_thread_in_native, id=15804, stack(0x000000c01ba00000,0x000000c01bb00000)]
  0x000001dd87676000 JavaThread "Sweeper thread" daemon [_thread_blocked, id=3632, stack(0x000000c01bb00000,0x000000c01bc00000)]
  0x000001dd8812f000 JavaThread "Common-Cleaner" daemon [_thread_blocked, id=10188, stack(0x000000c01bc00000,0x000000c01bd00000)]
  0x000001dd88284800 JavaThread "Monitor Ctrl-Break" daemon [_thread_in_native, id=12300, stack(0x000000c01bd00000,0x000000c01be00000)]
  0x000001dd88285800 JavaThread "Service Thread" daemon [_thread_blocked, id=2740, stack(0x000000c01be00000,0x000000c01bf00000)]

Other Threads:
  0x000001dd8761c000 VMThread "VM Thread" [stack: 0x000000c01b400000,0x000000c01b500000] [id=13936]
  0x000001dd882d6800 WatcherThread [stack: 0x000000c01bf00000,0x000000c01c000000] [id=13568]
  0x000001dde8ae0000 GCTaskThread "GC Thread#0" [stack: 0x000000c01af00000,0x000000c01b000000] [id=4508]
  0x000001dde8b0e800 ConcurrentGCThread "G1 Main Marker" [stack: 0x000000c01b000000,0x000000c01b100000] [id=15636]
  0x000001dde8b10000 ConcurrentGCThread "G1 Conc#0" [stack: 0x000000c01b100000,0x000000c01b200000] [id=1604]
  0x000001dde8ba0000 ConcurrentGCThread "G1 Refine#0" [stack: 0x000000c01b200000,0x000000c01b300000] [id=13740]
  0x000001dde8ba1000 ConcurrentGCThread "G1 Young RemSet Sampling" [stack: 0x000000c01b300000,0x000000c01b400000] [id=11824]

Threads with active compile tasks:
C2 CompilerThread0 516       4       java.lang.StringCoding::hasNegatives (25 bytes)
C1 CompilerThread0 536  s    3       org.fusesource.jansi.AnsiPrintStream::filter (948 bytes)

VM state:not at safepoint (normal execution)

VM Mutex/Monitor currently owned by a thread: None

OutOfMemory and StackOverflow Exception counts:
OutOfMemoryError java_heap_errors=2
LinkageErrors=10

Heap address: 0x0000000081e00000, size: 2018 MB, Compressed Oops mode: 32-bit
Narrow klass base: 0x0000000000000000, Narrow klass shift: 3
Compressed class space size: 1073741824 Address: 0x0000000100000000

Heap:
 garbage-first heap   total 131072K, used 5120K [0x0000000081e00000, 0x0000000100000000)
  region size 1024K, 7 young (7168K), 0 survivors (0K)
 Metaspace       used 8801K, capacity 8949K, committed 9088K, reserved 1056768K
  class space    used 790K, capacity 856K, committed 896K, reserved 1048576K
Heap Regions: E=young(eden), S=young(survivor), O=old, HS=humongous(starts), HC=humongous(continues), CS=collection set, F=free, A=archive, TAMS=top-at-mark-start (previous, next)
|   0|0x0000000081e00000, 0x0000000081e00000, 0x0000000081f00000|  0%| F|  |TAMS 0x0000000081e00000, 0x0000000081e00000| Untracked 
|   1|0x0000000081f00000, 0x0000000081f00000, 0x0000000082000000|  0%| F|  |TAMS 0x0000000081f00000, 0x0000000081f00000| Untracked 
|   2|0x0000000082000000, 0x0000000082000000, 0x0000000082100000|  0%| F|  |TAMS 0x0000000082000000, 0x0000000082000000| Untracked 
|   3|0x0000000082100000, 0x0000000082100000, 0x0000000082200000|  0%| F|  |TAMS 0x0000000082100000, 0x0000000082100000| Untracked 
|   4|0x0000000082200000, 0x0000000082200000, 0x0000000082300000|  0%| F|  |TAMS 0x0000000082200000, 0x0000000082200000| Untracked 
|   5|0x0000000082300000, 0x0000000082300000, 0x0000000082400000|  0%| F|  |TAMS 0x0000000082300000, 0x0000000082300000| Untracked 
|   6|0x0000000082400000, 0x0000000082400000, 0x0000000082500000|  0%| F|  |TAMS 0x0000000082400000, 0x0000000082400000| Untracked 
|   7|0x0000000082500000, 0x0000000082500000, 0x0000000082600000|  0%| F|  |TAMS 0x0000000082500000, 0x0000000082500000| Untracked 
|   8|0x0000000082600000, 0x0000000082600000, 0x0000000082700000|  0%| F|  |TAMS 0x0000000082600000, 0x0000000082600000| Untracked 
|   9|0x0000000082700000, 0x0000000082700000, 0x0000000082800000|  0%| F|  |TAMS 0x0000000082700000, 0x0000000082700000| Untracked 
|  10|0x0000000082800000, 0x0000000082800000, 0x0000000082900000|  0%| F|  |TAMS 0x0000000082800000, 0x0000000082800000| Untracked 
|  11|0x0000000082900000, 0x0000000082900000, 0x0000000082a00000|  0%| F|  |TAMS 0x0000000082900000, 0x0000000082900000| Untracked 
|  12|0x0000000082a00000, 0x0000000082a00000, 0x0000000082b00000|  0%| F|  |TAMS 0x0000000082a00000, 0x0000000082a00000| Untracked 
|  13|0x0000000082b00000, 0x0000000082b00000, 0x0000000082c00000|  0%| F|  |TAMS 0x0000000082b00000, 0x0000000082b00000| Untracked 
|  14|0x0000000082c00000, 0x0000000082c00000, 0x0000000082d00000|  0%| F|  |TAMS 0x0000000082c00000, 0x0000000082c00000| Untracked 
|  15|0x0000000082d00000, 0x0000000082d00000, 0x0000000082e00000|  0%| F|  |TAMS 0x0000000082d00000, 0x0000000082d00000| Untracked 
|  16|0x0000000082e00000, 0x0000000082e00000, 0x0000000082f00000|  0%| F|  |TAMS 0x0000000082e00000, 0x0000000082e00000| Untracked 
|  17|0x0000000082f00000, 0x0000000082f00000, 0x0000000083000000|  0%| F|  |TAMS 0x0000000082f00000, 0x0000000082f00000| Untracked 
|  18|0x0000000083000000, 0x0000000083000000, 0x0000000083100000|  0%| F|  |TAMS 0x0000000083000000, 0x0000000083000000| Untracked 
|  19|0x0000000083100000, 0x0000000083100000, 0x0000000083200000|  0%| F|  |TAMS 0x0000000083100000, 0x0000000083100000| Untracked 
|  20|0x0000000083200000, 0x0000000083200000, 0x0000000083300000|  0%| F|  |TAMS 0x0000000083200000, 0x0000000083200000| Untracked 
|  21|0x0000000083300000, 0x0000000083300000, 0x0000000083400000|  0%| F|  |TAMS 0x0000000083300000, 0x0000000083300000| Untracked 
|  22|0x0000000083400000, 0x0000000083400000, 0x0000000083500000|  0%| F|  |TAMS 0x0000000083400000, 0x0000000083400000| Untracked 
|  23|0x0000000083500000, 0x0000000083500000, 0x0000000083600000|  0%| F|  |TAMS 0x0000000083500000, 0x0000000083500000| Untracked 
|  24|0x0000000083600000, 0x0000000083600000, 0x0000000083700000|  0%| F|  |TAMS 0x0000000083600000, 0x0000000083600000| Untracked 
|  25|0x0000000083700000, 0x0000000083700000, 0x0000000083800000|  0%| F|  |TAMS 0x0000000083700000, 0x0000000083700000| Untracked 
|  26|0x0000000083800000, 0x0000000083800000, 0x0000000083900000|  0%| F|  |TAMS 0x0000000083800000, 0x0000000083800000| Untracked 
|  27|0x0000000083900000, 0x0000000083900000, 0x0000000083a00000|  0%| F|  |TAMS 0x0000000083900000, 0x0000000083900000| Untracked 
|  28|0x0000000083a00000, 0x0000000083a00000, 0x0000000083b00000|  0%| F|  |TAMS 0x0000000083a00000, 0x0000000083a00000| Untracked 
|  29|0x0000000083b00000, 0x0000000083b00000, 0x0000000083c00000|  0%| F|  |TAMS 0x0000000083b00000, 0x0000000083b00000| Untracked 
|  30|0x0000000083c00000, 0x0000000083c00000, 0x0000000083d00000|  0%| F|  |TAMS 0x0000000083c00000, 0x0000000083c00000| Untracked 
|  31|0x0000000083d00000, 0x0000000083d00000, 0x0000000083e00000|  0%| F|  |TAMS 0x0000000083d00000, 0x0000000083d00000| Untracked 
|  32|0x0000000083e00000, 0x0000000083e00000, 0x0000000083f00000|  0%| F|  |TAMS 0x0000000083e00000, 0x0000000083e00000| Untracked 
|  33|0x0000000083f00000, 0x0000000083f00000, 0x0000000084000000|  0%| F|  |TAMS 0x0000000083f00000, 0x0000000083f00000| Untracked 
|  34|0x0000000084000000, 0x0000000084000000, 0x0000000084100000|  0%| F|  |TAMS 0x0000000084000000, 0x0000000084000000| Untracked 
|  35|0x0000000084100000, 0x0000000084100000, 0x0000000084200000|  0%| F|  |TAMS 0x0000000084100000, 0x0000000084100000| Untracked 
|  36|0x0000000084200000, 0x0000000084200000, 0x0000000084300000|  0%| F|  |TAMS 0x0000000084200000, 0x0000000084200000| Untracked 
|  37|0x0000000084300000, 0x0000000084300000, 0x0000000084400000|  0%| F|  |TAMS 0x0000000084300000, 0x0000000084300000| Untracked 
|  38|0x0000000084400000, 0x0000000084400000, 0x0000000084500000|  0%| F|  |TAMS 0x0000000084400000, 0x0000000084400000| Untracked 
|  39|0x0000000084500000, 0x0000000084500000, 0x0000000084600000|  0%| F|  |TAMS 0x0000000084500000, 0x0000000084500000| Untracked 
|  40|0x0000000084600000, 0x0000000084600000, 0x0000000084700000|  0%| F|  |TAMS 0x0000000084600000, 0x0000000084600000| Untracked 
|  41|0x0000000084700000, 0x0000000084700000, 0x0000000084800000|  0%| F|  |TAMS 0x0000000084700000, 0x0000000084700000| Untracked 
|  42|0x0000000084800000, 0x0000000084800000, 0x0000000084900000|  0%| F|  |TAMS 0x0000000084800000, 0x0000000084800000| Untracked 
|  43|0x0000000084900000, 0x0000000084900000, 0x0000000084a00000|  0%| F|  |TAMS 0x0000000084900000, 0x0000000084900000| Untracked 
|  44|0x0000000084a00000, 0x0000000084a00000, 0x0000000084b00000|  0%| F|  |TAMS 0x0000000084a00000, 0x0000000084a00000| Untracked 
|  45|0x0000000084b00000, 0x0000000084b00000, 0x0000000084c00000|  0%| F|  |TAMS 0x0000000084b00000, 0x0000000084b00000| Untracked 
|  46|0x0000000084c00000, 0x0000000084c00000, 0x0000000084d00000|  0%| F|  |TAMS 0x0000000084c00000, 0x0000000084c00000| Untracked 
|  47|0x0000000084d00000, 0x0000000084d00000, 0x0000000084e00000|  0%| F|  |TAMS 0x0000000084d00000, 0x0000000084d00000| Untracked 
|  48|0x0000000084e00000, 0x0000000084e00000, 0x0000000084f00000|  0%| F|  |TAMS 0x0000000084e00000, 0x0000000084e00000| Untracked 
|  49|0x0000000084f00000, 0x0000000084f00000, 0x0000000085000000|  0%| F|  |TAMS 0x0000000084f00000, 0x0000000084f00000| Untracked 
|  50|0x0000000085000000, 0x0000000085000000, 0x0000000085100000|  0%| F|  |TAMS 0x0000000085000000, 0x0000000085000000| Untracked 
|  51|0x0000000085100000, 0x0000000085100000, 0x0000000085200000|  0%| F|  |TAMS 0x0000000085100000, 0x0000000085100000| Untracked 
|  52|0x0000000085200000, 0x0000000085200000, 0x0000000085300000|  0%| F|  |TAMS 0x0000000085200000, 0x0000000085200000| Untracked 
|  53|0x0000000085300000, 0x0000000085300000, 0x0000000085400000|  0%| F|  |TAMS 0x0000000085300000, 0x0000000085300000| Untracked 
|  54|0x0000000085400000, 0x0000000085400000, 0x0000000085500000|  0%| F|  |TAMS 0x0000000085400000, 0x0000000085400000| Untracked 
|  55|0x0000000085500000, 0x0000000085500000, 0x0000000085600000|  0%| F|  |TAMS 0x0000000085500000, 0x0000000085500000| Untracked 
|  56|0x0000000085600000, 0x0000000085600000, 0x0000000085700000|  0%| F|  |TAMS 0x0000000085600000, 0x0000000085600000| Untracked 
|  57|0x0000000085700000, 0x0000000085700000, 0x0000000085800000|  0%| F|  |TAMS 0x0000000085700000, 0x0000000085700000| Untracked 
|  58|0x0000000085800000, 0x0000000085800000, 0x0000000085900000|  0%| F|  |TAMS 0x0000000085800000, 0x0000000085800000| Untracked 
|  59|0x0000000085900000, 0x0000000085900000, 0x0000000085a00000|  0%| F|  |TAMS 0x0000000085900000, 0x0000000085900000| Untracked 
|  60|0x0000000085a00000, 0x0000000085a00000, 0x0000000085b00000|  0%| F|  |TAMS 0x0000000085a00000, 0x0000000085a00000| Untracked 
|  61|0x0000000085b00000, 0x0000000085b00000, 0x0000000085c00000|  0%| F|  |TAMS 0x0000000085b00000, 0x0000000085b00000| Untracked 
|  62|0x0000000085c00000, 0x0000000085c00000, 0x0000000085d00000|  0%| F|  |TAMS 0x0000000085c00000, 0x0000000085c00000| Untracked 
|  63|0x0000000085d00000, 0x0000000085d00000, 0x0000000085e00000|  0%| F|  |TAMS 0x0000000085d00000, 0x0000000085d00000| Untracked 
|  64|0x0000000085e00000, 0x0000000085e00000, 0x0000000085f00000|  0%| F|  |TAMS 0x0000000085e00000, 0x0000000085e00000| Untracked 
|  65|0x0000000085f00000, 0x0000000085f00000, 0x0000000086000000|  0%| F|  |TAMS 0x0000000085f00000, 0x0000000085f00000| Untracked 
|  66|0x0000000086000000, 0x0000000086000000, 0x0000000086100000|  0%| F|  |TAMS 0x0000000086000000, 0x0000000086000000| Untracked 
|  67|0x0000000086100000, 0x0000000086100000, 0x0000000086200000|  0%| F|  |TAMS 0x0000000086100000, 0x0000000086100000| Untracked 
|  68|0x0000000086200000, 0x0000000086200000, 0x0000000086300000|  0%| F|  |TAMS 0x0000000086200000, 0x0000000086200000| Untracked 
|  69|0x0000000086300000, 0x0000000086300000, 0x0000000086400000|  0%| F|  |TAMS 0x0000000086300000, 0x0000000086300000| Untracked 
|  70|0x0000000086400000, 0x0000000086400000, 0x0000000086500000|  0%| F|  |TAMS 0x0000000086400000, 0x0000000086400000| Untracked 
|  71|0x0000000086500000, 0x0000000086500000, 0x0000000086600000|  0%| F|  |TAMS 0x0000000086500000, 0x0000000086500000| Untracked 
|  72|0x0000000086600000, 0x0000000086600000, 0x0000000086700000|  0%| F|  |TAMS 0x0000000086600000, 0x0000000086600000| Untracked 
|  73|0x0000000086700000, 0x0000000086700000, 0x0000000086800000|  0%| F|  |TAMS 0x0000000086700000, 0x0000000086700000| Untracked 
|  74|0x0000000086800000, 0x0000000086800000, 0x0000000086900000|  0%| F|  |TAMS 0x0000000086800000, 0x0000000086800000| Untracked 
|  75|0x0000000086900000, 0x0000000086900000, 0x0000000086a00000|  0%| F|  |TAMS 0x0000000086900000, 0x0000000086900000| Untracked 
|  76|0x0000000086a00000, 0x0000000086a00000, 0x0000000086b00000|  0%| F|  |TAMS 0x0000000086a00000, 0x0000000086a00000| Untracked 
|  77|0x0000000086b00000, 0x0000000086b00000, 0x0000000086c00000|  0%| F|  |TAMS 0x0000000086b00000, 0x0000000086b00000| Untracked 
|  78|0x0000000086c00000, 0x0000000086c00000, 0x0000000086d00000|  0%| F|  |TAMS 0x0000000086c00000, 0x0000000086c00000| Untracked 
|  79|0x0000000086d00000, 0x0000000086d00000, 0x0000000086e00000|  0%| F|  |TAMS 0x0000000086d00000, 0x0000000086d00000| Untracked 
|  80|0x0000000086e00000, 0x0000000086e00000, 0x0000000086f00000|  0%| F|  |TAMS 0x0000000086e00000, 0x0000000086e00000| Untracked 
|  81|0x0000000086f00000, 0x0000000086f00000, 0x0000000087000000|  0%| F|  |TAMS 0x0000000086f00000, 0x0000000086f00000| Untracked 
|  82|0x0000000087000000, 0x0000000087000000, 0x0000000087100000|  0%| F|  |TAMS 0x0000000087000000, 0x0000000087000000| Untracked 
|  83|0x0000000087100000, 0x0000000087100000, 0x0000000087200000|  0%| F|  |TAMS 0x0000000087100000, 0x0000000087100000| Untracked 
|  84|0x0000000087200000, 0x0000000087200000, 0x0000000087300000|  0%| F|  |TAMS 0x0000000087200000, 0x0000000087200000| Untracked 
|  85|0x0000000087300000, 0x0000000087300000, 0x0000000087400000|  0%| F|  |TAMS 0x0000000087300000, 0x0000000087300000| Untracked 
|  86|0x0000000087400000, 0x0000000087400000, 0x0000000087500000|  0%| F|  |TAMS 0x0000000087400000, 0x0000000087400000| Untracked 
|  87|0x0000000087500000, 0x0000000087500000, 0x0000000087600000|  0%| F|  |TAMS 0x0000000087500000, 0x0000000087500000| Untracked 
|  88|0x0000000087600000, 0x0000000087600000, 0x0000000087700000|  0%| F|  |TAMS 0x0000000087600000, 0x0000000087600000| Untracked 
|  89|0x0000000087700000, 0x0000000087700000, 0x0000000087800000|  0%| F|  |TAMS 0x0000000087700000, 0x0000000087700000| Untracked 
|  90|0x0000000087800000, 0x0000000087800000, 0x0000000087900000|  0%| F|  |TAMS 0x0000000087800000, 0x0000000087800000| Untracked 
|  91|0x0000000087900000, 0x0000000087900000, 0x0000000087a00000|  0%| F|  |TAMS 0x0000000087900000, 0x0000000087900000| Untracked 
|  92|0x0000000087a00000, 0x0000000087a00000, 0x0000000087b00000|  0%| F|  |TAMS 0x0000000087a00000, 0x0000000087a00000| Untracked 
|  93|0x0000000087b00000, 0x0000000087b00000, 0x0000000087c00000|  0%| F|  |TAMS 0x0000000087b00000, 0x0000000087b00000| Untracked 
|  94|0x0000000087c00000, 0x0000000087c00000, 0x0000000087d00000|  0%| F|  |TAMS 0x0000000087c00000, 0x0000000087c00000| Untracked 
|  95|0x0000000087d00000, 0x0000000087d00000, 0x0000000087e00000|  0%| F|  |TAMS 0x0000000087d00000, 0x0000000087d00000| Untracked 
|  96|0x0000000087e00000, 0x0000000087e00000, 0x0000000087f00000|  0%| F|  |TAMS 0x0000000087e00000, 0x0000000087e00000| Untracked 
|  97|0x0000000087f00000, 0x0000000087f00000, 0x0000000088000000|  0%| F|  |TAMS 0x0000000087f00000, 0x0000000087f00000| Untracked 
|  98|0x0000000088000000, 0x0000000088000000, 0x0000000088100000|  0%| F|  |TAMS 0x0000000088000000, 0x0000000088000000| Untracked 
|  99|0x0000000088100000, 0x0000000088100000, 0x0000000088200000|  0%| F|  |TAMS 0x0000000088100000, 0x0000000088100000| Untracked 
| 100|0x0000000088200000, 0x0000000088200000, 0x0000000088300000|  0%| F|  |TAMS 0x0000000088200000, 0x0000000088200000| Untracked 
| 101|0x0000000088300000, 0x0000000088300000, 0x0000000088400000|  0%| F|  |TAMS 0x0000000088300000, 0x0000000088300000| Untracked 
| 102|0x0000000088400000, 0x0000000088400000, 0x0000000088500000|  0%| F|  |TAMS 0x0000000088400000, 0x0000000088400000| Untracked 
| 103|0x0000000088500000, 0x0000000088500000, 0x0000000088600000|  0%| F|  |TAMS 0x0000000088500000, 0x0000000088500000| Untracked 
| 104|0x0000000088600000, 0x0000000088600000, 0x0000000088700000|  0%| F|  |TAMS 0x0000000088600000, 0x0000000088600000| Untracked 
| 105|0x0000000088700000, 0x0000000088700000, 0x0000000088800000|  0%| F|  |TAMS 0x0000000088700000, 0x0000000088700000| Untracked 
| 106|0x0000000088800000, 0x0000000088800000, 0x0000000088900000|  0%| F|  |TAMS 0x0000000088800000, 0x0000000088800000| Untracked 
| 107|0x0000000088900000, 0x0000000088900000, 0x0000000088a00000|  0%| F|  |TAMS 0x0000000088900000, 0x0000000088900000| Untracked 
| 108|0x0000000088a00000, 0x0000000088a00000, 0x0000000088b00000|  0%| F|  |TAMS 0x0000000088a00000, 0x0000000088a00000| Untracked 
| 109|0x0000000088b00000, 0x0000000088b00000, 0x0000000088c00000|  0%| F|  |TAMS 0x0000000088b00000, 0x0000000088b00000| Untracked 
| 110|0x0000000088c00000, 0x0000000088c00000, 0x0000000088d00000|  0%| F|  |TAMS 0x0000000088c00000, 0x0000000088c00000| Untracked 
| 111|0x0000000088d00000, 0x0000000088d00000, 0x0000000088e00000|  0%| F|  |TAMS 0x0000000088d00000, 0x0000000088d00000| Untracked 
| 112|0x0000000088e00000, 0x0000000088e00000, 0x0000000088f00000|  0%| F|  |TAMS 0x0000000088e00000, 0x0000000088e00000| Untracked 
| 113|0x0000000088f00000, 0x0000000088f00000, 0x0000000089000000|  0%| F|  |TAMS 0x0000000088f00000, 0x0000000088f00000| Untracked 
| 114|0x0000000089000000, 0x0000000089000000, 0x0000000089100000|  0%| F|  |TAMS 0x0000000089000000, 0x0000000089000000| Untracked 
| 115|0x0000000089100000, 0x0000000089100000, 0x0000000089200000|  0%| F|  |TAMS 0x0000000089100000, 0x0000000089100000| Untracked 
| 116|0x0000000089200000, 0x0000000089200000, 0x0000000089300000|  0%| F|  |TAMS 0x0000000089200000, 0x0000000089200000| Untracked 
| 117|0x0000000089300000, 0x0000000089300000, 0x0000000089400000|  0%| F|  |TAMS 0x0000000089300000, 0x0000000089300000| Untracked 
| 118|0x0000000089400000, 0x0000000089400000, 0x0000000089500000|  0%| F|  |TAMS 0x0000000089400000, 0x0000000089400000| Untracked 
| 119|0x0000000089500000, 0x0000000089500000, 0x0000000089600000|  0%| F|  |TAMS 0x0000000089500000, 0x0000000089500000| Untracked 
| 120|0x0000000089600000, 0x0000000089600000, 0x0000000089700000|  0%| F|  |TAMS 0x0000000089600000, 0x0000000089600000| Untracked 
| 121|0x0000000089700000, 0x00000000897d78f0, 0x0000000089800000| 84%| E|  |TAMS 0x0000000089700000, 0x0000000089700000| Complete 
| 122|0x0000000089800000, 0x0000000089900000, 0x0000000089900000|100%| E|CS|TAMS 0x0000000089800000, 0x0000000089800000| Complete 
| 123|0x0000000089900000, 0x0000000089a00000, 0x0000000089a00000|100%| E|  |TAMS 0x0000000089900000, 0x0000000089900000| Complete 
| 124|0x0000000089a00000, 0x0000000089b00000, 0x0000000089b00000|100%| E|CS|TAMS 0x0000000089a00000, 0x0000000089a00000| Complete 
| 125|0x0000000089b00000, 0x0000000089c00000, 0x0000000089c00000|100%| E|CS|TAMS 0x0000000089b00000, 0x0000000089b00000| Complete 
| 126|0x0000000089c00000, 0x0000000089d00000, 0x0000000089d00000|100%| E|CS|TAMS 0x0000000089c00000, 0x0000000089c00000| Complete 
| 127|0x0000000089d00000, 0x0000000089e00000, 0x0000000089e00000|100%| E|CS|TAMS 0x0000000089d00000, 0x0000000089d00000| Complete 

Card table byte_map: [0x000001dd80930000,0x000001dd80d30000] _byte_map_base: 0x000001dd80521000

Marking Bits (Prev, Next): (CMBitMap*) 0x000001dde8b05e08, (CMBitMap*) 0x000001dde8b05e40
 Prev Bits: [0x000001dd81130000, 0x000001dd830b8000)
 Next Bits: [0x000001dd830c0000, 0x000001dd85048000)

Polling page: 0x000001dde72e0000

Metaspace:

Usage:
  Non-class:      7.90 MB capacity,     7.82 MB ( 99%) used,    73.74 KB ( <1%) free+waste,     7.63 KB ( <1%) overhead. 
      Class:    856.00 KB capacity,   790.20 KB ( 92%) used,    62.23 KB (  7%) free+waste,     3.56 KB ( <1%) overhead. 
       Both:      8.74 MB capacity,     8.60 MB ( 98%) used,   135.98 KB (  2%) free+waste,    11.19 KB ( <1%) overhead. 

Virtual space:
  Non-class space:        8.00 MB reserved,       8.00 MB (100%) committed 
      Class space:        1.00 GB reserved,     896.00 KB ( <1%) committed 
             Both:        1.01 GB reserved,       8.88 MB ( <1%) committed 

Chunk freelists:
   Non-Class:  4.38 KB
       Class:  1.00 KB
        Both:  5.38 KB

CodeHeap 'non-profiled nmethods': size=120064Kb used=167Kb max_used=167Kb free=119897Kb
 bounds [0x000001ddf88e0000, 0x000001ddf8b50000, 0x000001ddffe20000]
CodeHeap 'profiled nmethods': size=120000Kb used=792Kb max_used=792Kb free=119207Kb
 bounds [0x000001ddf13b0000, 0x000001ddf1620000, 0x000001ddf88e0000]
CodeHeap 'non-nmethods': size=5696Kb used=1070Kb max_used=1082Kb free=4625Kb
 bounds [0x000001ddf0e20000, 0x000001ddf1090000, 0x000001ddf13b0000]
 total_blobs=1043 nmethods=536 adapters=276
 compilation: enabled
              stopped_count=0, restarted_count=0
 full_count=0

Compilation events (10 events):
Event: 1.344 Thread 0x000001dd87666000 nmethod 512 0x000001ddf1469910 code [0x000001ddf1469b00, 0x000001ddf1469f10]
Event: 1.345 Thread 0x000001dd87666000  513       3       java.io.WinNTFileSystem::resolve (275 bytes)
Event: 1.348 Thread 0x000001dd87666000 nmethod 513 0x000001ddf146a090 code [0x000001ddf146a5e0, 0x000001ddf146d300]
Event: 1.349 Thread 0x000001dd87666000  515       3       java.lang.String::toString (2 bytes)
Event: 1.349 Thread 0x000001dd87666000 nmethod 515 0x000001ddf146e510 code [0x000001ddf146e6c0, 0x000001ddf146e818]
Event: 1.349 Thread 0x000001dd87663000  516       4       java.lang.StringCoding::hasNegatives (25 bytes)
Event: 1.350 Thread 0x000001dd87666000  517       3       java.lang.String::indexOf (65 bytes)
Event: 1.351 Thread 0x000001dd87666000 nmethod 517 0x000001ddf146e890 code [0x000001ddf146eb00, 0x000001ddf146f4f0]
Event: 1.351 Thread 0x000001dd87666000  518       3       java.lang.StringLatin1::indexOf (25 bytes)
Event: 1.351 Thread 0x000001dd87666000 nmethod 518 0x000001ddf146f890 code [0x000001ddf146fa60, 0x000001ddf146fc90]

GC Heap History (0 events):
No events

Deoptimization events (6 events):
Event: 0.291 Thread 0x000001dde8ac6000 Uncommon trap: reason=class_check action=maybe_recompile pc=0x000001ddf88ee57c method=java.util.HashMap.putVal(ILjava/lang/Object;Ljava/lang/Object;ZZ)Ljava/lang/Object; @ 152 c2
Event: 0.309 Thread 0x000001dde8ac6000 Uncommon trap: reason=class_check action=maybe_recompile pc=0x000001ddf88ee57c method=java.util.HashMap.putVal(ILjava/lang/Object;Ljava/lang/Object;ZZ)Ljava/lang/Object; @ 152 c2
Event: 0.322 Thread 0x000001dde8ac6000 Uncommon trap: reason=class_check action=maybe_recompile pc=0x000001ddf88ee57c method=java.util.HashMap.putVal(ILjava/lang/Object;Ljava/lang/Object;ZZ)Ljava/lang/Object; @ 152 c2
Event: 0.322 Thread 0x000001dde8ac6000 Uncommon trap: reason=class_check action=maybe_recompile pc=0x000001ddf88ee57c method=java.util.HashMap.putVal(ILjava/lang/Object;Ljava/lang/Object;ZZ)Ljava/lang/Object; @ 152 c2
Event: 0.535 Thread 0x000001dde8ac6000 Uncommon trap: reason=unstable_if action=reinterpret pc=0x000001ddf88f847c method=java.util.HashMap.putVal(ILjava/lang/Object;Ljava/lang/Object;ZZ)Ljava/lang/Object; @ 181 c2
Event: 0.966 Thread 0x000001dd87661000 Uncommon trap: reason=unstable_if action=reinterpret pc=0x000001ddf88eef10 method=java.lang.String.isLatin1()Z @ 10 c2

Classes redefined (0 events):
No events

Internal exceptions (10 events):
Event: 0.305 Thread 0x000001dde8ac6000 Exception <a 'java/security/PrivilegedActionException'{0x0000000089cccea0}> (0x0000000089cccea0) thrown at [t:/workspace/open/src/hotspot/share/prims/jvm.cpp, line 1307]
Event: 0.444 Thread 0x000001dde8ac6000 Exception <a 'java/lang/NoSuchMethodError'{0x0000000089910250}: java.lang.invoke.DirectMethodHandle$Holder.invokeSpecialIFC(Ljava/lang/Object;Ljava/lang/Object;I)I> (0x0000000089910250) thrown at [t:/workspace/open/src/hotspot/share/interpreter/linkResolv
Event: 0.540 Thread 0x000001dde8ac6000 Exception <a 'java/lang/NoSuchMethodError'{0x000000008982fb38}: java.lang.invoke.DirectMethodHandle$Holder.invokeStaticInit(Ljava/lang/Object;IIII)Ljava/lang/Object;> (0x000000008982fb38) thrown at [t:/workspace/open/src/hotspot/share/interpreter/linkReso
Event: 1.331 Thread 0x000001dde8ac6000 Exception <a 'java/lang/Error'{0x0000000089838828}: IP Helper Library GetIpAddrTable function failed> (0x0000000089838828) thrown at [t:/workspace/open/src/hotspot/share/prims/jni.cpp, line 636]
Event: 1.331 Thread 0x000001dde8ac6000 Exception <a 'java/lang/Error'{0x0000000089838828}> (0x0000000089838828) thrown at [t:/workspace/open/src/hotspot/share/prims/jvm.cpp, line 1311]
Event: 1.331 Thread 0x000001dde8ac6000 Exception <a 'java/lang/Error'{0x0000000089838828}> (0x0000000089838828) thrown at [t:/workspace/open/src/hotspot/share/oops/instanceKlass.cpp, line 1036]
Event: 1.333 Thread 0x000001dde8ac6000 Exception <a 'java/lang/NoClassDefFoundError'{0x00000000898394e8}: Could not initialize class sun.security.provider.AbstractDrbg$SeederHolder> (0x00000000898394e8) thrown at [t:/workspace/open/src/hotspot/share/oops/instanceKlass.cpp, line 952]
Event: 1.337 Thread 0x000001dde8ac6000 Exception <a 'java/lang/UnsatisfiedLinkError'{0x0000000089846a78}> (0x0000000089846a78) thrown at [t:/workspace/open/src/hotspot/share/oops/instanceKlass.cpp, line 1036]
Event: 1.351 Thread 0x000001dde8ac6000 Exception <a 'java/lang/NoClassDefFoundError'{0x000000008974f300}: Could not initialize class sun.security.provider.AbstractDrbg$SeederHolder> (0x000000008974f300) thrown at [t:/workspace/open/src/hotspot/share/oops/instanceKlass.cpp, line 952]
Event: 1.351 Thread 0x000001dde8ac6000 Exception <a 'java/lang/NoClassDefFoundError'{0x000000008974fac0}: Could not initialize class sun.security.provider.AbstractDrbg$SeederHolder> (0x000000008974fac0) thrown at [t:/workspace/open/src/hotspot/share/oops/instanceKlass.cpp, line 952]

Events (10 events):
Event: 1.337 loading class org/fusesource/jansi/AnsiConsole$JansiOutputType
Event: 1.337 loading class org/fusesource/jansi/AnsiConsole$JansiOutputType done
Event: 1.338 loading class org/fusesource/jansi/FilterPrintStream$1
Event: 1.338 loading class org/fusesource/jansi/FilterPrintStream$1 done
Event: 1.339 loading class org/fusesource/jansi/internal/Kernel32
Event: 1.339 loading class org/fusesource/jansi/internal/Kernel32 done
Event: 1.349 Thread 0x000001dde8ac6000 DEOPT PACKING pc=0x000001ddf13ed070 sp=0x000000c01aefaa60
Event: 1.349 Thread 0x000001dde8ac6000 DEOPT UNPACKING pc=0x000001ddf0e48d4e sp=0x000000c01aef9ee8 mode 0
Event: 1.350 Thread 0x000001dde8ac6000 DEOPT PACKING pc=0x000001ddf13ed070 sp=0x000000c01aefaa60
Event: 1.350 Thread 0x000001dde8ac6000 DEOPT UNPACKING pc=0x000001ddf0e48d4e sp=0x000000c01aef9ee8 mode 0


Dynamic libraries:
0x00007ff655780000 - 0x00007ff6557c7000 	C:\Program Files\Java\jdk-11.0.4\bin\java.exe
0x00007ff9767f0000 - 0x00007ff9769e6000 	C:\WINDOWS\SYSTEM32\ntdll.dll
0x00007ff9748b0000 - 0x00007ff97496d000 	C:\WINDOWS\System32\KERNEL32.DLL
0x00007ff974380000 - 0x00007ff974648000 	C:\WINDOWS\System32\KERNELBASE.dll
0x00007ff976460000 - 0x00007ff97650c000 	C:\WINDOWS\System32\ADVAPI32.dll
0x00007ff976510000 - 0x00007ff9765ae000 	C:\WINDOWS\System32\msvcrt.dll
0x00007ff9753b0000 - 0x00007ff97544b000 	C:\WINDOWS\System32\sechost.dll
0x00007ff975a40000 - 0x00007ff975b64000 	C:\WINDOWS\System32\RPCRT4.dll
0x00007ff974970000 - 0x00007ff974b10000 	C:\WINDOWS\System32\USER32.dll
0x00007ff974650000 - 0x00007ff974672000 	C:\WINDOWS\System32\win32u.dll
0x00007ff9765b0000 - 0x00007ff9765da000 	C:\WINDOWS\System32\GDI32.dll
0x00007ff974710000 - 0x00007ff974819000 	C:\WINDOWS\System32\gdi32full.dll
0x00007ff9741e0000 - 0x00007ff97427d000 	C:\WINDOWS\System32\msvcp_win.dll
0x00007ff974280000 - 0x00007ff974380000 	C:\WINDOWS\System32\ucrtbase.dll
0x00007ff961120000 - 0x00007ff9613bb000 	C:\WINDOWS\WinSxS\amd64_microsoft.windows.common-controls_6595b64144ccf1df_6.0.19041.488_none_ca04af081b815d21\COMCTL32.dll
0x00007ff9697e0000 - 0x00007ff9697ea000 	C:\WINDOWS\SYSTEM32\VERSION.dll
0x00007ff975c40000 - 0x00007ff975c70000 	C:\WINDOWS\System32\IMM32.DLL
0x00007ff96d5d0000 - 0x00007ff96d5e6000 	C:\Program Files\Java\jdk-11.0.4\bin\vcruntime140.dll
0x00007ff96d520000 - 0x00007ff96d5ca000 	C:\Program Files\Java\jdk-11.0.4\bin\msvcp140.dll
0x00007ff93d590000 - 0x00007ff93e0b7000 	C:\Program Files\Java\jdk-11.0.4\bin\server\jvm.dll
0x00007ff975390000 - 0x00007ff975398000 	C:\WINDOWS\System32\PSAPI.DLL
0x00007ff95a990000 - 0x00007ff95a999000 	C:\WINDOWS\SYSTEM32\WSOCK32.dll
0x00007ff976640000 - 0x00007ff9766ab000 	C:\WINDOWS\System32\WS2_32.dll
0x00007ff95ebe0000 - 0x00007ff95ec07000 	C:\WINDOWS\SYSTEM32\WINMM.dll
0x00007ff972600000 - 0x00007ff972612000 	C:\WINDOWS\SYSTEM32\kernel.appcore.dll
0x00007ff96d500000 - 0x00007ff96d511000 	C:\Program Files\Java\jdk-11.0.4\bin\verify.dll
0x00007ff972040000 - 0x00007ff972224000 	C:\WINDOWS\SYSTEM32\DBGHELP.DLL
0x00007ff95c4f0000 - 0x00007ff95c51c000 	C:\WINDOWS\SYSTEM32\dbgcore.DLL
0x00007ff973d00000 - 0x00007ff973d7f000 	C:\WINDOWS\System32\bcryptPrimitives.dll
0x00007ff96d4d0000 - 0x00007ff96d4f9000 	C:\Program Files\Java\jdk-11.0.4\bin\java.dll
0x00007ff96d4a0000 - 0x00007ff96d4cf000 	C:\Program Files\Java\jdk-11.0.4\bin\instrument.dll
0x00007ff96d480000 - 0x00007ff96d496000 	C:\Program Files\Java\jdk-11.0.4\bin\zip.dll
0x00007ff96d7e0000 - 0x00007ff96d7ea000 	C:\Program Files\Java\jdk-11.0.4\bin\jimage.dll
0x00007ff974c40000 - 0x00007ff975381000 	C:\WINDOWS\System32\SHELL32.dll
0x00007ff970f40000 - 0x00007ff9716d5000 	C:\WINDOWS\SYSTEM32\windows.storage.dll
0x00007ff9760a0000 - 0x00007ff9763f5000 	C:\WINDOWS\System32\combase.dll
0x00007ff973770000 - 0x00007ff97379c000 	C:\WINDOWS\SYSTEM32\Wldp.dll
0x00007ff975e90000 - 0x00007ff975f3e000 	C:\WINDOWS\System32\SHCORE.dll
0x00007ff975e20000 - 0x00007ff975e75000 	C:\WINDOWS\System32\shlwapi.dll
0x00007ff973c30000 - 0x00007ff973c56000 	C:\WINDOWS\SYSTEM32\profapi.dll
0x00007ff96d460000 - 0x00007ff96d479000 	C:\Program Files\Java\jdk-11.0.4\bin\net.dll
0x00007ff9622f0000 - 0x00007ff9624dd000 	C:\WINDOWS\SYSTEM32\urlmon.dll
0x00007ff972db0000 - 0x00007ff972eb0000 	C:\WINDOWS\SYSTEM32\WINHTTP.dll
0x00007ff966ae0000 - 0x00007ff966d90000 	C:\WINDOWS\SYSTEM32\iertutil.dll
0x00007ff9734f0000 - 0x00007ff97355a000 	C:\WINDOWS\system32\mswsock.dll
0x00007ff96d440000 - 0x00007ff96d453000 	C:\Program Files\Java\jdk-11.0.4\bin\nio.dll
0x00007ff96d270000 - 0x00007ff96d28a000 	D:\Private\ideaIC-2020.3.win\bin\breakgen64.dll
0x00007ff9736d0000 - 0x00007ff9736e8000 	C:\WINDOWS\SYSTEM32\CRYPTSP.dll
0x00007ff972d10000 - 0x00007ff972d44000 	C:\WINDOWS\system32\rsaenh.dll
0x00007ff9746e0000 - 0x00007ff974707000 	C:\WINDOWS\System32\bcrypt.dll
0x00007ff973bb0000 - 0x00007ff973bde000 	C:\WINDOWS\SYSTEM32\USERENV.dll
0x00007ff9736c0000 - 0x00007ff9736cc000 	C:\WINDOWS\SYSTEM32\CRYPTBASE.dll
0x00007ff973190000 - 0x00007ff9731cb000 	C:\WINDOWS\SYSTEM32\IPHLPAPI.DLL
0x00007ff9753a0000 - 0x00007ff9753a8000 	C:\WINDOWS\System32\NSI.dll
0x00007ff96ce00000 - 0x00007ff96ce17000 	C:\WINDOWS\SYSTEM32\dhcpcsvc6.DLL
0x00007ff96c970000 - 0x00007ff96c98d000 	C:\WINDOWS\SYSTEM32\dhcpcsvc.DLL
0x00007ff9731d0000 - 0x00007ff97329b000 	C:\WINDOWS\SYSTEM32\DNSAPI.dll

dbghelp: loaded successfully - version: 4.0.5 - missing functions: none
symbol engine: initialized successfully - sym options: 0x614 - pdb path: .;C:\Program Files\Java\jdk-11.0.4\bin;C:\WINDOWS\SYSTEM32;C:\WINDOWS\WinSxS\amd64_microsoft.windows.common-controls_6595b64144ccf1df_6.0.19041.488_none_ca04af081b815d21;C:\Program Files\Java\jdk-11.0.4\bin\server;D:\Private\ideaIC-2020.3.win\bin

VM Arguments:
jvm_args: -Dmaven.multiModuleProjectDirectory=D:\Private\WSB\II_sem\Java\java-app\java-app -Dmaven.home=D:\Private\ideaIC-2020.3.win\plugins\maven\lib\maven3 -Dclassworlds.conf=D:\Private\ideaIC-2020.3.win\plugins\maven\lib\maven3\bin\m2.conf -Dmaven.ext.class.path=D:\Private\ideaIC-2020.3.win\plugins\maven\lib\maven-event-listener.jar -javaagent:D:\Private\ideaIC-2020.3.win\lib\idea_rt.jar=51263:D:\Private\ideaIC-2020.3.win\bin -Dfile.encoding=UTF-8 
java_command: org.codehaus.classworlds.Launcher -Didea.version=2020.3 org.springframework.boot:spring-boot-maven-plugin:2.4.2:run
java_class_path (initial): D:\Private\ideaIC-2020.3.win\plugins\maven\lib\maven3\boot\plexus-classworlds-2.6.0.jar;D:\Private\ideaIC-2020.3.win\plugins\maven\lib\maven3\boot\plexus-classworlds.license
Launcher Type: SUN_STANDARD

[Global flags]
     intx CICompilerCount                          = 3                                         {product} {ergonomic}
     uint ConcGCThreads                            = 1                                         {product} {ergonomic}
     uint G1ConcRefinementThreads                  = 4                                         {product} {ergonomic}
   size_t G1HeapRegionSize                         = 1048576                                   {product} {ergonomic}
    uintx GCDrainStackTargetSize                   = 64                                        {product} {ergonomic}
   size_t InitialHeapSize                          = 134217728                                 {product} {ergonomic}
   size_t MarkStackSize                            = 4194304                                   {product} {ergonomic}
   size_t MaxHeapSize                              = 2116026368                                {product} {ergonomic}
   size_t MaxNewSize                               = 1268776960                                {product} {ergonomic}
   size_t MinHeapDeltaBytes                        = 1048576                                   {product} {ergonomic}
    uintx NonNMethodCodeHeapSize                   = 5830092                                {pd product} {ergonomic}
    uintx NonProfiledCodeHeapSize                  = 122914074                              {pd product} {ergonomic}
    uintx ProfiledCodeHeapSize                     = 122914074                              {pd product} {ergonomic}
    uintx ReservedCodeCacheSize                    = 251658240                              {pd product} {ergonomic}
     bool SegmentedCodeCache                       = true                                      {product} {ergonomic}
     bool UseCompressedClassPointers               = true                                 {lp64_product} {ergonomic}
     bool UseCompressedOops                        = true                                 {lp64_product} {ergonomic}
     bool UseG1GC                                  = true                                      {product} {ergonomic}
     bool UseLargePagesIndividualAllocation        = false                                  {pd product} {ergonomic}

Logging:
Log output configuration:
 #0: stdout all=warning uptime,level,tags
 #1: stderr all=off uptime,level,tags

Environment Variables:
PATH=C:\Program Files (x86)\Common Files\Oracle\Java\javapath;C:\ProgramData\Oracle\Java\javapath;C:\Windows\System32;C:\Windows;C:\Windows\System32\wbem;C:\Windows\System32\WindowsPowerShell\v1.0\;C:\Program Files (x86)\Common Files\EMC\;C:\Program Files\Java\jdk1.8.0_161\bin;C:\Program Files\Microsoft SQL Server\130\Tools\Binn\;C:\Windows\System32\OpenSSH\;C:\Program Files\PuTTY\;C:\Program Files (x86)\AOMEI Backupper;C:\Program Files (x86)\Plantronics\Spokes3G SDK\;C:\Program Files (x86)\Common Files\Siemens\System;C:\Program Files (x86)\GnuPG\bin;C:\Program Files (x86)\Common Files\Siemens\;C:\Program Files (x86)\Common Files\Siemens\Bin;C:\Program Files (x86)\Common Files\Siemens\ace\bin;C:\Program Files (x86)\Microsoft SQL Server\150\DTS\Binn\;C:\Program Files\Azure Data Studio\bin;C:\Program Files (x86)\Intel\Intel(R) Management Engine Components\DAL;C:\Program Files\Intel\Intel(R) Management Engine Components\DAL;d:\Documents and Settings\lpiasecki\AppData\Local\Microsoft\WindowsApps;d:\Documents and Settings\lpiasecki\AppData\Local\Microsoft\WindowsApps;d:\Documents and Settings\lpiasecki\AppData\Local\Programs\Git\cmd;;d:\Documents and Settings\lpiasecki\AppData\Local\Gpg4win\..\GnuPG\bin
USERNAME=lpiasecki
OS=Windows_NT
PROCESSOR_IDENTIFIER=Intel64 Family 6 Model 142 Stepping 9, GenuineIntel



---------------  S Y S T E M  ---------------

OS: Windows 10 , 64 bit Build 19041 (10.0.19041.546)

CPU:total 4 (initial active 4) (2 cores per cpu, 2 threads per core) family 6 model 142 stepping 9, cmov, cx8, fxsr, mmx, sse, sse2, sse3, ssse3, sse4.1, sse4.2, popcnt, avx, avx2, aes, clmul, erms, rtm, 3dnowpref, lzcnt, ht, tsc, tscinvbit, bmi1, bmi2, adx, fma

Memory: 4k page, system-wide physical 8067M (560M free)
TotalPageFile size 8067M (AvailPageFile size 0M)
current process WorkingSet (physical memory assigned to process): 49M, peak: 49M
current process commit charge ("private bytes"): 204M, peak: 205M

vm_info: Java HotSpot(TM) 64-Bit Server VM (11.0.4+10-LTS) for windows-amd64 JRE (11.0.4+10-LTS), built on Jul  4 2019 16:28:13 by "mach5one" with MS VC++ 15.5 (VS2017)

END.
